{"numTotalTestSuites":27,"numPassedTestSuites":27,"numFailedTestSuites":0,"numPendingTestSuites":0,"numTotalTests":54,"numPassedTests":54,"numFailedTests":0,"numPendingTests":0,"numTodoTests":0,"snapshot":{"added":0,"failure":false,"filesAdded":0,"filesRemoved":0,"filesRemovedList":[],"filesUnmatched":0,"filesUpdated":0,"matched":0,"total":0,"unchecked":0,"uncheckedKeysByFile":[],"unmatched":0,"updated":0,"didUpdate":false},"startTime":1769788001123,"success":true,"testResults":[{"assertionResults":[{"ancestorTitles":["Path Utilities","join"],"fullName":"Path Utilities join should join paths with forward slashes","status":"passed","title":"should join paths with forward slashes","duration":2.754374000000098,"failureMessages":[],"meta":{}},{"ancestorTitles":["Path Utilities","join"],"fullName":"Path Utilities join should normalize multiple slashes","status":"passed","title":"should normalize multiple slashes","duration":0.4134529999998904,"failureMessages":[],"meta":{}},{"ancestorTitles":["Path Utilities","join"],"fullName":"Path Utilities join should handle empty segments","status":"passed","title":"should handle empty segments","duration":0.32821800000010626,"failureMessages":[],"meta":{}},{"ancestorTitles":["Path Utilities","dirname"],"fullName":"Path Utilities dirname should return parent directory","status":"passed","title":"should return parent directory","duration":0.39073499999994965,"failureMessages":[],"meta":{}},{"ancestorTitles":["Path Utilities","dirname"],"fullName":"Path Utilities dirname should return dot for filename only","status":"passed","title":"should return dot for filename only","duration":0.4196959999999308,"failureMessages":[],"meta":{}},{"ancestorTitles":["Path Utilities","dirname"],"fullName":"Path Utilities dirname should handle trailing slashes","status":"passed","title":"should handle trailing slashes","duration":0.3749249999998483,"failureMessages":[],"meta":{}},{"ancestorTitles":["Path Utilities","basename"],"fullName":"Path Utilities basename should return filename","status":"passed","title":"should return filename","duration":0.31302199999981895,"failureMessages":[],"meta":{}},{"ancestorTitles":["Path Utilities","basename"],"fullName":"Path Utilities basename should strip extension when provided","status":"passed","title":"should strip extension when provided","duration":0.20124599999985548,"failureMessages":[],"meta":{}},{"ancestorTitles":["Path Utilities","basename"],"fullName":"Path Utilities basename should handle paths with backslashes","status":"passed","title":"should handle paths with backslashes","duration":0.5596019999998134,"failureMessages":[],"meta":{}},{"ancestorTitles":["Path Utilities","extname"],"fullName":"Path Utilities extname should return file extension","status":"passed","title":"should return file extension","duration":0.3613430000000335,"failureMessages":[],"meta":{}},{"ancestorTitles":["Path Utilities","extname"],"fullName":"Path Utilities extname should return empty string for no extension","status":"passed","title":"should return empty string for no extension","duration":0.2378920000001017,"failureMessages":[],"meta":{}},{"ancestorTitles":["Path Utilities","extname"],"fullName":"Path Utilities extname should handle multiple dots","status":"passed","title":"should handle multiple dots","duration":0.1851409999999305,"failureMessages":[],"meta":{}},{"ancestorTitles":["Path Utilities","extname"],"fullName":"Path Utilities extname should return empty for hidden files","status":"passed","title":"should return empty for hidden files","duration":0.28864500000008775,"failureMessages":[],"meta":{}},{"ancestorTitles":["Language Detection"],"fullName":"Language Detection should detect JavaScript","status":"passed","title":"should detect JavaScript","duration":0.3631580000001122,"failureMessages":[],"meta":{}},{"ancestorTitles":["Language Detection"],"fullName":"Language Detection should detect TypeScript","status":"passed","title":"should detect TypeScript","duration":0.19620300000019597,"failureMessages":[],"meta":{}},{"ancestorTitles":["Language Detection"],"fullName":"Language Detection should detect Python","status":"passed","title":"should detect Python","duration":0.15270299999997405,"failureMessages":[],"meta":{}},{"ancestorTitles":["Language Detection"],"fullName":"Language Detection should detect Java","status":"passed","title":"should detect Java","duration":0.14125800000010713,"failureMessages":[],"meta":{}},{"ancestorTitles":["Language Detection"],"fullName":"Language Detection should return plaintext for unknown extensions","status":"passed","title":"should return plaintext for unknown extensions","duration":0.15702999999984968,"failureMessages":[],"meta":{}},{"ancestorTitles":["Language Detection"],"fullName":"Language Detection should be case insensitive","status":"passed","title":"should be case insensitive","duration":0.19318999999995867,"failureMessages":[],"meta":{}},{"ancestorTitles":["Code Health Score Calculation"],"fullName":"Code Health Score Calculation should return 100 for perfect code","status":"passed","title":"should return 100 for perfect code","duration":0.43319399999995767,"failureMessages":[],"meta":{}},{"ancestorTitles":["Code Health Score Calculation"],"fullName":"Code Health Score Calculation should deduct points for too many blank lines","status":"passed","title":"should deduct points for too many blank lines","duration":0.24398699999983364,"failureMessages":[],"meta":{}},{"ancestorTitles":["Code Health Score Calculation"],"fullName":"Code Health Score Calculation should deduct points for potential issues","status":"passed","title":"should deduct points for potential issues","duration":0.164944000000105,"failureMessages":[],"meta":{}},{"ancestorTitles":["Code Health Score Calculation"],"fullName":"Code Health Score Calculation should never go below 0","status":"passed","title":"should never go below 0","duration":0.1563610000000608,"failureMessages":[],"meta":{}},{"ancestorTitles":["Code Health Score Calculation"],"fullName":"Code Health Score Calculation should never exceed 100","status":"passed","title":"should never exceed 100","duration":0.18964100000016515,"failureMessages":[],"meta":{}},{"ancestorTitles":["Debounce Utility"],"fullName":"Debounce Utility should delay function execution","status":"passed","title":"should delay function execution","duration":3.1390579999999773,"failureMessages":[],"meta":{}},{"ancestorTitles":["Debounce Utility"],"fullName":"Debounce Utility should only call once for rapid successive calls","status":"passed","title":"should only call once for rapid successive calls","duration":0.6810770000001867,"failureMessages":[],"meta":{}},{"ancestorTitles":["Debounce Utility"],"fullName":"Debounce Utility should pass arguments correctly","status":"passed","title":"should pass arguments correctly","duration":2.390855999999985,"failureMessages":[],"meta":{}},{"ancestorTitles":["Class Name Utility"],"fullName":"Class Name Utility should join class names","status":"passed","title":"should join class names","duration":0.33930000000009386,"failureMessages":[],"meta":{}},{"ancestorTitles":["Class Name Utility"],"fullName":"Class Name Utility should filter falsy values","status":"passed","title":"should filter falsy values","duration":0.1635150000001886,"failureMessages":[],"meta":{}},{"ancestorTitles":["Class Name Utility"],"fullName":"Class Name Utility should handle conditional objects","status":"passed","title":"should handle conditional objects","duration":0.2541110000001936,"failureMessages":[],"meta":{}},{"ancestorTitles":["Class Name Utility"],"fullName":"Class Name Utility should handle empty input","status":"passed","title":"should handle empty input","duration":0.14692199999990407,"failureMessages":[],"meta":{}},{"ancestorTitles":["URL Validation"],"fullName":"URL Validation should validate correct URLs","status":"passed","title":"should validate correct URLs","duration":2.5274809999998524,"failureMessages":[],"meta":{}},{"ancestorTitles":["URL Validation"],"fullName":"URL Validation should reject invalid URLs","status":"passed","title":"should reject invalid URLs","duration":0.5922829999999522,"failureMessages":[],"meta":{}}],"startTime":1769788002798,"endTime":1769788002820.5923,"status":"passed","message":"","name":"/home/akash-krishnan/Documents/sem6/se/open project/MindVex_Editor_Frontend/tests/unit/components.spec.ts"},{"assertionResults":[{"ancestorTitles":["Workbench Store Logic","showWorkbench"],"fullName":"Workbench Store Logic showWorkbench should toggle workbench visibility","status":"passed","title":"should toggle workbench visibility","duration":2.7696220000000267,"failureMessages":[],"meta":{}},{"ancestorTitles":["Workbench Store Logic","currentView"],"fullName":"Workbench Store Logic currentView should change current view","status":"passed","title":"should change current view","duration":0.5650109999999131,"failureMessages":[],"meta":{}},{"ancestorTitles":["Workbench Store Logic","currentView"],"fullName":"Workbench Store Logic currentView should support all view types","status":"passed","title":"should support all view types","duration":0.7717450000000099,"failureMessages":[],"meta":{}},{"ancestorTitles":["Workbench Store Logic","selectedFile"],"fullName":"Workbench Store Logic selectedFile should set selected file","status":"passed","title":"should set selected file","duration":0.36946599999987484,"failureMessages":[],"meta":{}},{"ancestorTitles":["Workbench Store Logic","selectedFile"],"fullName":"Workbench Store Logic selectedFile should clear selected file","status":"passed","title":"should clear selected file","duration":0.24407099999984894,"failureMessages":[],"meta":{}},{"ancestorTitles":["Workbench Store Logic","terminal toggle"],"fullName":"Workbench Store Logic terminal toggle should toggle terminal visibility","status":"passed","title":"should toggle terminal visibility","duration":0.40726900000004207,"failureMessages":[],"meta":{}},{"ancestorTitles":["Workbench Store Logic","right chat toggle"],"fullName":"Workbench Store Logic right chat toggle should toggle right chat visibility","status":"passed","title":"should toggle right chat visibility","duration":0.3392759999999271,"failureMessages":[],"meta":{}},{"ancestorTitles":["Auth Store Logic","authentication state"],"fullName":"Auth Store Logic authentication state should start unauthenticated","status":"passed","title":"should start unauthenticated","duration":0.38773300000002564,"failureMessages":[],"meta":{}},{"ancestorTitles":["Auth Store Logic","authentication state"],"fullName":"Auth Store Logic authentication state should set user and authenticate","status":"passed","title":"should set user and authenticate","duration":1.4439700000000357,"failureMessages":[],"meta":{}},{"ancestorTitles":["Auth Store Logic","authentication state"],"fullName":"Auth Store Logic authentication state should handle logout","status":"passed","title":"should handle logout","duration":0.3929089999999178,"failureMessages":[],"meta":{}},{"ancestorTitles":["Auth Store Logic","loading state"],"fullName":"Auth Store Logic loading state should track loading state","status":"passed","title":"should track loading state","duration":0.3548359999999775,"failureMessages":[],"meta":{}},{"ancestorTitles":["Auth Store Logic","error handling"],"fullName":"Auth Store Logic error handling should set error message","status":"passed","title":"should set error message","duration":0.21553999999991902,"failureMessages":[],"meta":{}},{"ancestorTitles":["Auth Store Logic","error handling"],"fullName":"Auth Store Logic error handling should clear error on logout","status":"passed","title":"should clear error on logout","duration":0.22722999999996318,"failureMessages":[],"meta":{}},{"ancestorTitles":["Chat Store Logic","chat visibility"],"fullName":"Chat Store Logic chat visibility should toggle chat visibility","status":"passed","title":"should toggle chat visibility","duration":0.2849739999999201,"failureMessages":[],"meta":{}},{"ancestorTitles":["Chat Store Logic","messages"],"fullName":"Chat Store Logic messages should add messages","status":"passed","title":"should add messages","duration":1.7023850000000493,"failureMessages":[],"meta":{}},{"ancestorTitles":["Chat Store Logic","messages"],"fullName":"Chat Store Logic messages should maintain message order","status":"passed","title":"should maintain message order","duration":0.6646610000000237,"failureMessages":[],"meta":{}},{"ancestorTitles":["Chat Store Logic","messages"],"fullName":"Chat Store Logic messages should clear messages","status":"passed","title":"should clear messages","duration":0.4107370000001538,"failureMessages":[],"meta":{}},{"ancestorTitles":["Chat Store Logic","streaming state"],"fullName":"Chat Store Logic streaming state should track streaming state","status":"passed","title":"should track streaming state","duration":0.29643000000010034,"failureMessages":[],"meta":{}},{"ancestorTitles":["Quick Actions Store Logic"],"fullName":"Quick Actions Store Logic should toggle knowledge graph view","status":"passed","title":"should toggle knowledge graph view","duration":0.25479999999993197,"failureMessages":[],"meta":{}},{"ancestorTitles":["Quick Actions Store Logic"],"fullName":"Quick Actions Store Logic should set selected action","status":"passed","title":"should set selected action","duration":0.16214700000000448,"failureMessages":[],"meta":{}},{"ancestorTitles":["Quick Actions Store Logic"],"fullName":"Quick Actions Store Logic should clear selected action","status":"passed","title":"should clear selected action","duration":0.15402500000004693,"failureMessages":[],"meta":{}}],"startTime":1769788002799,"endTime":1769788002814.162,"status":"passed","message":"","name":"/home/akash-krishnan/Documents/sem6/se/open project/MindVex_Editor_Frontend/tests/unit/stores.spec.ts"}]}